<?xml version="1.0" encoding="UTF-8"?>
<!-- Generated by org.testng.reporters.JUnitReportReporter -->
<testsuite hostname="LAPTOP-Q3OPFRF3" failures="0" tests="1" name="TestNG.Annotations" time="0.015" errors="0" timestamp="2022-11-03T11:15:21 IST" skipped="0">
  <testcase classname="TestNG.Annotations" name="verifyID" time="0.015"/>
  <system-out>
    <![CDATA[verify user id]]>
  </system-out>
</testsuite> <!-- TestNG.Annotations -->
