<?xml version="1.0" encoding="UTF-8"?>
<!-- Generated by org.testng.reporters.JUnitReportReporter -->
<testsuite hostname="LAPTOP-Q3OPFRF3" failures="0" tests="10" name="TestNG.Count" time="0.102" errors="0" timestamp="2022-11-01T13:24:47 IST" skipped="0">
  <testcase classname="TestNG.Count" name="tc1" time="0.003"/>
  <system-out>
    <![CDATA[runnig tc1]]>
  </system-out>
  <testcase classname="TestNG.Count" name="tc1" time="0.005"/>
  <system-out>
    <![CDATA[runnig tc1]]>
  </system-out>
  <testcase classname="TestNG.Count" name="tc1" time="0.012"/>
  <system-out>
    <![CDATA[runnig tc1]]>
  </system-out>
  <testcase classname="TestNG.Count" name="tc1" time="0.004"/>
  <system-out>
    <![CDATA[runnig tc1]]>
  </system-out>
  <testcase classname="TestNG.Count" name="tc1" time="0.004"/>
  <system-out>
    <![CDATA[runnig tc1]]>
  </system-out>
  <testcase classname="TestNG.Count" name="tc1" time="0.011"/>
  <system-out>
    <![CDATA[runnig tc1]]>
  </system-out>
  <testcase classname="TestNG.Count" name="tc1" time="0.005"/>
  <system-out>
    <![CDATA[runnig tc1]]>
  </system-out>
  <testcase classname="TestNG.Count" name="tc1" time="0.009"/>
  <system-out>
    <![CDATA[runnig tc1]]>
  </system-out>
  <testcase classname="TestNG.Count" name="tc1" time="0.014"/>
  <system-out>
    <![CDATA[runnig tc1]]>
  </system-out>
  <testcase classname="TestNG.Count" name="tc1" time="0.035"/>
  <system-out>
    <![CDATA[runnig tc1]]>
  </system-out>
</testsuite> <!-- TestNG.Count -->
