<?xml version="1.0" encoding="UTF-8"?>
<!-- Generated by org.testng.reporters.JUnitReportReporter -->
<testsuite hostname="LAPTOP-Q3OPFRF3" failures="0" tests="3" name="TestNG.A3" time="0.006" errors="0" timestamp="2022-11-04T11:01:39 IST" skipped="0">
  <testcase classname="TestNG.A3" name="TC8" time="0.002"/>
  <system-out>
    <![CDATA[running tc8]]>
  </system-out>
  <testcase classname="TestNG.A3" name="TC7" time="0.002"/>
  <system-out>
    <![CDATA[runnig tc7]]>
  </system-out>
  <testcase classname="TestNG.A3" name="TC9" time="0.002"/>
  <system-out>
    <![CDATA[running tc9]]>
  </system-out>
</testsuite> <!-- TestNG.A3 -->
