<?xml version="1.0" encoding="UTF-8"?>
<!-- Generated by org.testng.reporters.JUnitReportReporter -->
<testsuite hostname="LAPTOP-Q3OPFRF3" failures="0" tests="1" name="TestNg_Parallel_Execution.Parallel3" time="88.296" errors="0" timestamp="2022-11-04T10:29:46 IST" skipped="0">
  <testcase classname="TestNg_Parallel_Execution.Parallel3" name="TC1" time="88.296"/>
  <system-out/>
</testsuite> <!-- TestNg_Parallel_Execution.Parallel3 -->
