<?xml version="1.0" encoding="UTF-8"?>
<!-- Generated by org.testng.reporters.JUnitReportReporter -->
<testsuite hostname="LAPTOP-Q3OPFRF3" failures="0" tests="3" name="TestNG.A1" time="0.005" errors="0" timestamp="2022-11-04T11:01:39 IST" skipped="0">
  <testcase classname="TestNG.A1" name="TC2" time="0.001"/>
  <system-out>
    <![CDATA[running tc2]]>
  </system-out>
  <testcase classname="TestNG.A1" name="TC1" time="0.002"/>
  <system-out>
    <![CDATA[runnig tc1]]>
  </system-out>
  <testcase classname="TestNG.A1" name="TC3" time="0.002"/>
  <system-out>
    <![CDATA[running tc3]]>
  </system-out>
</testsuite> <!-- TestNG.A1 -->
