<?xml version="1.0" encoding="UTF-8"?>
<!-- Generated by org.testng.reporters.JUnitReportReporter -->
<testsuite hostname="LAPTOP-Q3OPFRF3" failures="0" tests="3" name="TestNG.Class_A" time="0.008" errors="0" timestamp="2022-11-03T11:44:49 IST" skipped="0">
  <testcase classname="TestNG.Class_A" name="TC3" time="0.004"/>
  <system-out>
    <![CDATA[running tc3]]>
  </system-out>
  <testcase classname="TestNG.Class_A" name="TC1" time="0.002"/>
  <system-out>
    <![CDATA[runnig tc1]]>
  </system-out>
  <testcase classname="TestNG.Class_A" name="TC2" time="0.002"/>
  <system-out>
    <![CDATA[running tc2]]>
  </system-out>
</testsuite> <!-- TestNG.Class_A -->
