<?xml version="1.0" encoding="UTF-8"?>
<!-- Generated by org.testng.reporters.JUnitReportReporter -->
<testsuite hostname="LAPTOP-Q3OPFRF3" failures="0" tests="1" name="TestNG_Assert.Assert_equals" time="0.036" errors="0" timestamp="2022-11-10T09:23:05 IST" skipped="0">
  <testcase classname="TestNG_Assert.Assert_equals" name="Tc1" time="0.036"/>
  <system-out>
    <![CDATA[Tc1 is running]]>
  </system-out>
</testsuite> <!-- TestNG_Assert.Assert_equals -->
