<?xml version="1.0" encoding="UTF-8"?>
<!-- Generated by org.testng.reporters.JUnitReportReporter -->
<testsuite hostname="LAPTOP-Q3OPFRF3" failures="0" tests="3" name="TestNG.Priority" time="0.019" errors="0" timestamp="2022-11-01T13:43:08 IST" skipped="0">
  <testcase classname="TestNG.Priority" name="Tc3" time="0.015"/>
  <system-out>
    <![CDATA[running tc3]]>
  </system-out>
  <testcase classname="TestNG.Priority" name="Tc1" time="0.001"/>
  <system-out>
    <![CDATA[running tc1]]>
  </system-out>
  <testcase classname="TestNG.Priority" name="Tc2" time="0.003"/>
  <system-out>
    <![CDATA[runnig tc2]]>
  </system-out>
</testsuite> <!-- TestNG.Priority -->
