<?xml version="1.0" encoding="UTF-8"?>
<!-- Generated by org.testng.reporters.JUnitReportReporter -->
<testsuite hostname="LAPTOP-Q3OPFRF3" failures="0" tests="3" name="TestNG.Class_C" time="0.021" errors="0" timestamp="2022-11-03T11:44:49 IST" skipped="0">
  <testcase classname="TestNG.Class_C" name="TC7" time="0.015"/>
  <system-out>
    <![CDATA[runnig tc7]]>
  </system-out>
  <testcase classname="TestNG.Class_C" name="TC9" time="0.005"/>
  <system-out>
    <![CDATA[running tc9]]>
  </system-out>
  <testcase classname="TestNG.Class_C" name="TC8" time="0.001"/>
  <system-out>
    <![CDATA[running tc8]]>
  </system-out>
</testsuite> <!-- TestNG.Class_C -->
