<?xml version="1.0" encoding="UTF-8"?>
<!-- Generated by org.testng.reporters.JUnitReportReporter -->
<testsuite hostname="LAPTOP-Q3OPFRF3" failures="0" tests="1" name="TestNG.Test_ng_Class" time="0.018" errors="0" timestamp="2022-11-03T11:18:22 IST" skipped="0">
  <testcase classname="TestNG.Test_ng_Class" name="m1" time="0.018"/>
  <system-out>
    <![CDATA[hii]]>
  </system-out>
</testsuite> <!-- TestNG.Test_ng_Class -->
